   Compiling zerocopy v0.8.27
   Compiling zerocopy-derive v0.8.27
   Compiling tokio v1.47.1
   Compiling httpdate v1.0.3
   Compiling regex-syntax v0.8.7
   Compiling ciborium-io v0.2.2
   Compiling plotters-backend v0.3.7
   Compiling itertools v0.10.5
   Compiling async-stream-impl v0.3.6
   Compiling plotters-svg v0.3.7
   Compiling wait-timeout v0.2.1
   Compiling bit-vec v0.8.0
   Compiling quick-error v1.2.3
   Compiling same-file v1.0.6
   Compiling cast v0.3.0
   Compiling rusty-fork v0.3.1
   Compiling walkdir v2.5.0
   Compiling bit-set v0.8.0
   Compiling async-stream v0.3.6
   Compiling plotters v0.3.7
   Compiling rand_xorshift v0.4.0
   Compiling tinytemplate v1.2.1
   Compiling assert-json-diff v2.0.2
   Compiling is-terminal v0.4.16
   Compiling diff v0.1.13
   Compiling criterion-plot v0.5.0
   Compiling similar v2.7.0
   Compiling regex-automata v0.4.12
   Compiling unarray v0.1.4
   Compiling oorandom v11.1.5
   Compiling yansi v1.0.1
   Compiling anes v0.1.6
   Compiling pretty_assertions v1.4.1
   Compiling ppv-lite86 v0.2.21
   Compiling ahash v0.8.12
   Compiling half v2.7.0
   Compiling hashbrown v0.14.5
   Compiling rand_chacha v0.3.1
   Compiling rand_chacha v0.9.0
   Compiling ciborium-ll v0.2.2
   Compiling rand v0.8.5
   Compiling rand v0.9.2
   Compiling dashmap v5.5.3
